#
# A fatal error has been detected by the Java Runtime Environment:
#
#  SIGBUS (0xa) at pc=0x00000001114fefe0, pid=34636, tid=4764016640
#
# JRE version: 7.0_04-b21
# Java VM: Java HotSpot(TM) 64-Bit Server VM (23.0-b21 mixed mode bsd-amd64 compressed oops)
# Problematic frame:
# J  java.util.Hashtable.get(Ljava/lang/Object;)Ljava/lang/Object;
#
# Failed to write core dump. Core dumps have been disabled. To enable core dumping, try "ulimit -c unlimited" before starting Java again
#
# If you would like to submit a bug report, please visit:
#   http://bugreport.sun.com/bugreport/crash.jsp
#

---------------  T H R E A D  ---------------

Current thread (0x00007fd08c835000):  JavaThread "Thread-5" [_thread_in_Java, id=469049344, stack(0x000000011be52000,0x000000011bf52000)]

siginfo:si_signo=SIGBUS: si_errno=0, si_code=2 (BUS_ADRERR), si_addr=0x000000011be51ff8

Registers:
RAX=0x0000000000000000, RBX=0x00007fd08b831e62, RCX=0x00000000f75d49d4, RDX=0x00000007eab51db8
RSP=0x000000011be65ff8, RBP=0x0000000000000083, RSI=0x00000007eab50da8, RDI=0x00007fd08b624c00
R8 =0x0000000000000008, R9 =0x0000000000000008, R10=0x00000007eab51db8, R11=0x00000000fd56a1b5
R12=0x0000000000000000, R13=0x0000000111507cd8, R14=0x000000011bea7a70, R15=0x00007fd08c835000
RIP=0x00000001114fefe0, EFLAGS=0x0000000000010282, ERR=0x0000000000000006
  TRAPNO=0x000000000000000e

Top of Stack: (sp=0x000000011be65ff8)
0x000000011be65ff8:   0000000111507eb8 00000007eab51db8
0x000000011be66008:   0000000100000002 00007fd000000008
0x000000011be66018:   00000001fd56a1b5 00000007eabfa098
0x000000011be66028:   00000007eab59a40 fd56a1b5fd56a3c1
0x000000011be66038:   0000000000000007 0000000100000003
0x000000011be66048:   0000000110daf848 0000000000000000
0x000000011be66058:   0000000000000003 0000000000000003
0x000000011be66068:   00000001114fe348 0000000000000088
0x000000011be66078:   0000000111508130 0000000700000007
0x000000011be66088:   0000000800000005 0000000800000008
0x000000011be66098:   00000001fd56a1b5 00000007eabfa098
0x000000011be660a8:   00000007eab59a40 fd56a1b5fd56a3c1
0x000000011be660b8:   0000000000000007 0000000100000006
0x000000011be660c8:   0000000110daf848 0000000000000000
0x000000011be660d8:   0000000000000003 0000000000000003
0x000000011be660e8:   00000001114fe348 0000000000000085
0x000000011be660f8:   0000000111508130 0000000700000004
0x000000011be66108:   0000000800000004 0000000800000005
0x000000011be66118:   00000001fd56a1b5 00000007eabfa098
0x000000011be66128:   00000007eab59a40 fd56a1b5fd56a3c1
0x000000011be66138:   0000000000000007 0000000100000005
0x000000011be66148:   0000000110daf848 0000000000000000
0x000000011be66158:   0000000000000003 0000000000000003
0x000000011be66168:   00000001114fe348 0000000000000081
0x000000011be66178:   0000000111508130 0000000700000000
0x000000011be66188:   0000000800000006 0000000800000001
0x000000011be66198:   00000001fd56a1b5 00000007eabfa098
0x000000011be661a8:   00000007eab59a40 fd56a1b5fd56a3c1
0x000000011be661b8:   0000000000000007 0000000100000007
0x000000011be661c8:   0000000110daf848 0000000000000000
0x000000011be661d8:   0000000000000003 0000000000000003
0x000000011be661e8:   00000001114fe348 0000000000000087 

Instructions: (pc=0x00000001114fefe0)
0x00000001114fefc0:   44 8b 56 08 49 c1 e2 03 49 3b c2 0f 85 8f 8a fd
0x00000001114fefd0:   ff 66 66 90 0f 1f 84 00 00 00 00 00 66 66 66 90
0x00000001114fefe0:   89 84 24 00 c0 fe ff 55 48 83 ec 40 48 8b ea 48
0x00000001114feff0:   89 74 24 20 48 8b 06 4c 8b d0 49 83 e2 07 49 83 

Register to memory mapping:

RAX=0x0000000000000000 is an unknown value
RBX=0x00007fd08b831e62 is an unknown value
RCX=0x00000000f75d49d4 is an unknown value
RDX=0x00000007eab51db8 is an oop
java.lang.Integer 
 - klass: 'java/lang/Integer'
RSP=0x000000011be65ff8 is pointing into the stack for thread: 0x00007fd08c835000
RBP=0x0000000000000083 is an unknown value
RSI=0x00000007eab50da8 is an oop
java.util.Hashtable 
 - klass: 'java/util/Hashtable'
RDI=0x00007fd08b624c00 is an unknown value
R8 =0x0000000000000008 is an unknown value
R9 =0x0000000000000008 is an unknown value
R10=0x00000007eab51db8 is an oop
java.lang.Integer 
 - klass: 'java/lang/Integer'
R11=0x00000000fd56a1b5 is an unknown value
R12=0x0000000000000000 is an unknown value
R13=0x00000001115078d0 [CodeBlob (0x00000001115078d0)]
Framesize: 16
R14=0x000000011bea7a70 is pointing into the stack for thread: 0x00007fd08c835000
R15=0x00007fd08c835000 is a thread


Stack: [0x000000011be52000,0x000000011bf52000],  sp=0x000000011be65ff8,  free space=79k
Native frames: (J=compiled Java code, j=interpreted, Vv=VM code, C=native code)
J  java.util.Hashtable.get(Ljava/lang/Object;)Ljava/lang/Object;


---------------  P R O C E S S  ---------------

Java Threads: ( => current thread )
=>0x00007fd08c835000 JavaThread "Thread-5" [_thread_in_Java, id=469049344, stack(0x000000011be52000,0x000000011bf52000)]
  0x00007fd08e80d000 JavaThread "Thread-4" [_thread_in_Java, id=466927616, stack(0x000000011bc4c000,0x000000011bd4c000)]
  0x00007fd08e048800 JavaThread "Service Thread" daemon [_thread_blocked, id=463532032, stack(0x000000011b90f000,0x000000011ba0f000)]
  0x00007fd08e048000 JavaThread "C2 CompilerThread1" daemon [_thread_blocked, id=462471168, stack(0x000000011b80c000,0x000000011b90c000)]
  0x00007fd08c018800 JavaThread "C2 CompilerThread0" daemon [_thread_blocked, id=461410304, stack(0x000000011b709000,0x000000011b809000)]
  0x00007fd08b820000 JavaThread "Signal Dispatcher" daemon [_thread_blocked, id=460349440, stack(0x000000011b606000,0x000000011b706000)]
  0x00007fd08c805000 JavaThread "Finalizer" daemon [_thread_blocked, id=433852416, stack(0x0000000119cc1000,0x0000000119dc1000)]
  0x00007fd08c804000 JavaThread "Reference Handler" daemon [_thread_blocked, id=432791552, stack(0x0000000119bbe000,0x0000000119cbe000)]
  0x00007fd08b806000 JavaThread "main" [_thread_blocked, id=261484544, stack(0x000000010f85f000,0x000000010f95f000)]

Other Threads:
  0x00007fd08e044000 VMThread [stack: 0x0000000119abb000,0x0000000119bbb000] [id=431730688]
  0x00007fd08c813000 WatcherThread [stack: 0x000000011ba12000,0x000000011bb12000] [id=464592896]

VM state:not at safepoint (normal execution)

VM Mutex/Monitor currently owned by a thread: None

Heap
 PSYoungGen      total 19136K, used 2303K [0x00000007eaab0000, 0x00000007ec000000, 0x0000000800000000)
  eden space 16448K, 14% used [0x00000007eaab0000,0x00000007eacefc68,0x00000007ebac0000)
  from space 2688K, 0% used [0x00000007ebd60000,0x00000007ebd60000,0x00000007ec000000)
  to   space 2688K, 0% used [0x00000007ebac0000,0x00000007ebac0000,0x00000007ebd60000)
 ParOldGen       total 43648K, used 0K [0x00000007c0000000, 0x00000007c2aa0000, 0x00000007eaab0000)
  object space 43648K, 0% used [0x00000007c0000000,0x00000007c0000000,0x00000007c2aa0000)
 PSPermGen       total 21248K, used 2629K [0x00000007bae00000, 0x00000007bc2c0000, 0x00000007c0000000)
  object space 21248K, 12% used [0x00000007bae00000,0x00000007bb091458,0x00000007bc2c0000)

Code Cache  [0x00000001114a0000, 0x0000000111710000, 0x00000001144a0000)
 total_blobs=192 nmethods=13 adapters=132 free_code_cache=48751Kb largest_free_block=49899520

Compilation events (10 events):
Event: 0.077 Thread 0x00007fd08e048000 nmethod 8 0x00000001115037d0 code [0x0000000111503900, 0x0000000111503998]
Event: 0.080 Thread 0x00007fd08e048000    9             java.util.concurrent.atomic.AtomicLong::compareAndSet (13 bytes)
Event: 0.080 Thread 0x00007fd08e048000 nmethod 9 0x0000000111503a10 code [0x0000000111503b40, 0x0000000111503bb8]
Event: 0.080 Thread 0x00007fd08e048000   12             java.util.concurrent.atomic.AtomicLong::get (5 bytes)
Event: 0.080 Thread 0x00007fd08e048000 nmethod 12 0x0000000111501e90 code [0x0000000111501fc0, 0x0000000111502018]
Event: 0.085 Thread 0x00007fd08c018800 nmethod 7 0x00000001115078d0 code [0x0000000111507b20, 0x0000000111508b10]
Event: 0.085 Thread 0x00007fd08e048000    1 %s          Leader::sort @ 26 (99 bytes)
Event: 0.086 Thread 0x00007fd08c018800   13             java.util.Random::next (47 bytes)
Event: 0.087 Thread 0x00007fd08c018800 nmethod 13 0x0000000111501390 code [0x00000001115014c0, 0x0000000111501598]
Event: 0.089 Thread 0x00007fd08e048000 nmethod 1% 0x00000001115005d0 code [0x0000000111500780, 0x0000000111500f20]

GC Heap History (0 events):
No events

Deoptimization events (0 events):
No events

Internal exceptions (10 events):
Event: 0.058 Thread 0x00007fd08b806000 Threw 0x00000007eab3a7c8 at /HUDSON/workspace/jdk7u4-2-build-macosx-x86_64-product/jdk7u4/hotspot/src/share/vm/prims/jvm.cpp:1166
Event: 0.059 Thread 0x00007fd08b806000 Threw 0x00000007eab4b8e0 at /HUDSON/workspace/jdk7u4-2-build-macosx-x86_64-product/jdk7u4/hotspot/src/share/vm/prims/jni.cpp:715
Event: 0.059 Thread 0x00007fd08b806000 Threw 0x00000007eab4ba00 at /HUDSON/workspace/jdk7u4-2-build-macosx-x86_64-product/jdk7u4/hotspot/src/share/vm/prims/jvm.cpp:1166
Event: 0.059 Thread 0x00007fd08b806000 Threw 0x00000007eab4bb28 at /HUDSON/workspace/jdk7u4-2-build-macosx-x86_64-product/jdk7u4/hotspot/src/share/vm/prims/jvm.cpp:1166
Event: 0.059 Thread 0x00007fd08b806000 Threw 0x00000007eab4bd78 at /HUDSON/workspace/jdk7u4-2-build-macosx-x86_64-product/jdk7u4/hotspot/src/share/vm/prims/jvm.cpp:1166
Event: 0.061 Thread 0x00007fd08b806000 Threw 0x00000007eab532f0 at /HUDSON/workspace/jdk7u4-2-build-macosx-x86_64-product/jdk7u4/hotspot/src/share/vm/prims/jvm.cpp:1166
Event: 0.062 Thread 0x00007fd08b806000 Threw 0x00000007eab55030 at /HUDSON/workspace/jdk7u4-2-build-macosx-x86_64-product/jdk7u4/hotspot/src/share/vm/prims/jvm.cpp:1166
Event: 0.062 Thread 0x00007fd08b806000 Threw 0x00000007eab57d88 at /HUDSON/workspace/jdk7u4-2-build-macosx-x86_64-product/jdk7u4/hotspot/src/share/vm/prims/jvm.cpp:1166
Event: 0.091 Thread 0x00007fd08c835000 StackOverflowError at 0x00000001115014e0
Event: 0.091 Thread 0x00007fd08e80d000 StackOverflowError at 0x00000001115014e0

Events (10 events):
Event: 0.063 Thread 0x00007fd08c814800 Thread exited: 0x00007fd08c814800
Event: 0.063 Thread 0x00007fd08e80d000 Thread added: 0x00007fd08e80d000
Event: 0.063 Thread 0x00007fd08c835000 Thread exited: 0x00007fd08c835000
Event: 0.063 Thread 0x00007fd08c835000 Thread added: 0x00007fd08c835000
Event: 0.063 Thread 0x00007fd08c834000 Thread exited: 0x00007fd08c834000
Event: 0.063 Thread 0x00007fd08c833800 Thread exited: 0x00007fd08c833800
Event: 0.064 loading class 0x00007fd08b51c7e0
Event: 0.064 loading class 0x00007fd08b51c7e0 done
Event: 0.064 loading class 0x00007fd08b626660
Event: 0.064 loading class 0x00007fd08b626660 done


Dynamic libraries:
0x0000000008e1f000 	/System/Library/Frameworks/Cocoa.framework/Versions/A/Cocoa
0x0000000008e1f000 	/System/Library/Frameworks/Security.framework/Versions/A/Security
0x0000000008e1f000 	/System/Library/Frameworks/ApplicationServices.framework/Versions/A/ApplicationServices
0x0000000008e1f000 	/usr/lib/libz.1.dylib
0x0000000008e1f000 	/usr/lib/libSystem.B.dylib
0x0000000008e1f000 	/usr/lib/libobjc.A.dylib
0x0000000008e1f000 	/System/Library/Frameworks/CoreFoundation.framework/Versions/A/CoreFoundation
0x0000000008e1f000 	/System/Library/Frameworks/AppKit.framework/Versions/C/AppKit
0x0000000008e1f000 	/System/Library/Frameworks/CoreData.framework/Versions/A/CoreData
0x0000000008e1f000 	/System/Library/Frameworks/Foundation.framework/Versions/C/Foundation
0x0000000008e1f000 	/System/Library/PrivateFrameworks/RemoteViewServices.framework/Versions/A/RemoteViewServices
0x0000000008e1f000 	/System/Library/PrivateFrameworks/UIFoundation.framework/Versions/A/UIFoundation
0x0000000008e1f000 	/System/Library/Frameworks/IOSurface.framework/Versions/A/IOSurface
0x0000000008e1f000 	/System/Library/Frameworks/AudioToolbox.framework/Versions/A/AudioToolbox
0x0000000008e1f000 	/System/Library/Frameworks/AudioUnit.framework/Versions/A/AudioUnit
0x0000000008e1f000 	/System/Library/PrivateFrameworks/DataDetectorsCore.framework/Versions/A/DataDetectorsCore
0x0000000008e1f000 	/System/Library/PrivateFrameworks/DesktopServicesPriv.framework/Versions/A/DesktopServicesPriv
0x0000000008e1f000 	/System/Library/Frameworks/Carbon.framework/Versions/A/Frameworks/HIToolbox.framework/Versions/A/HIToolbox
0x0000000008e1f000 	/System/Library/Frameworks/QuartzCore.framework/Versions/A/QuartzCore
0x0000000008e1f000 	/System/Library/Frameworks/Carbon.framework/Versions/A/Frameworks/SpeechRecognition.framework/Versions/A/SpeechRecognition
0x0000000008e1f000 	/usr/lib/libauto.dylib
0x0000000008e1f000 	/usr/lib/libicucore.A.dylib
0x0000000008e1f000 	/usr/lib/libxml2.2.dylib
0x0000000008e1f000 	/System/Library/PrivateFrameworks/CoreUI.framework/Versions/A/CoreUI
0x0000000008e1f000 	/System/Library/Frameworks/CoreAudio.framework/Versions/A/CoreAudio
0x0000000008e1f000 	/System/Library/Frameworks/DiskArbitration.framework/Versions/A/DiskArbitration
0x0000000008e1f000 	/usr/lib/liblangid.dylib
0x0000000008e1f000 	/System/Library/PrivateFrameworks/MultitouchSupport.framework/Versions/A/MultitouchSupport
0x0000000008e1f000 	/System/Library/Frameworks/IOKit.framework/Versions/A/IOKit
0x0000000008e1f000 	/usr/lib/libDiagnosticMessagesClient.dylib
0x0000000008e1f000 	/System/Library/Frameworks/CoreServices.framework/Versions/A/CoreServices
0x0000000008e1f000 	/System/Library/PrivateFrameworks/PerformanceAnalysis.framework/Versions/A/PerformanceAnalysis
0x0000000008e1f000 	/System/Library/PrivateFrameworks/GenerationalStorage.framework/Versions/A/GenerationalStorage
0x0000000008e1f000 	/System/Library/Frameworks/OpenGL.framework/Versions/A/OpenGL
0x0000000008e1f000 	/System/Library/PrivateFrameworks/Sharing.framework/Versions/A/Sharing
0x0000000008e1f000 	/System/Library/Frameworks/CoreGraphics.framework/Versions/A/CoreGraphics
0x0000000008e1f000 	/System/Library/Frameworks/CoreText.framework/Versions/A/CoreText
0x0000000008e1f000 	/System/Library/Frameworks/ImageIO.framework/Versions/A/ImageIO
0x0000000008e1f000 	/usr/lib/libextension.dylib
0x0000000008e1f000 	/System/Library/PrivateFrameworks/Backup.framework/Versions/A/Backup
0x0000000008e1f000 	/usr/lib/libarchive.2.dylib
0x0000000008e1f000 	/System/Library/Frameworks/CFNetwork.framework/Versions/A/CFNetwork
0x0000000008e1f000 	/System/Library/Frameworks/SystemConfiguration.framework/Versions/A/SystemConfiguration
0x0000000008e1f000 	/usr/lib/libCRFSuite.dylib
0x0000000008e1f000 	/usr/lib/libc++.1.dylib
0x0000000008e1f000 	/usr/lib/libc++abi.dylib
0x0000000008e1f000 	/usr/lib/system/libcache.dylib
0x0000000008e1f000 	/usr/lib/system/libcommonCrypto.dylib
0x0000000008e1f000 	/usr/lib/system/libcompiler_rt.dylib
0x0000000008e1f000 	/usr/lib/system/libcopyfile.dylib
0x0000000008e1f000 	/usr/lib/system/libcorecrypto.dylib
0x0000000008e1f000 	/usr/lib/system/libdispatch.dylib
0x0000000008e1f000 	/usr/lib/system/libdyld.dylib
0x0000000008e1f000 	/usr/lib/system/libkeymgr.dylib
0x0000000008e1f000 	/usr/lib/system/liblaunch.dylib
0x0000000008e1f000 	/usr/lib/system/libmacho.dylib
0x0000000008e1f000 	/usr/lib/system/libquarantine.dylib
0x0000000008e1f000 	/usr/lib/system/libremovefile.dylib
0x0000000008e1f000 	/usr/lib/system/libsystem_asl.dylib
0x0000000008e1f000 	/usr/lib/system/libsystem_blocks.dylib
0x0000000008e1f000 	/usr/lib/system/libsystem_c.dylib
0x0000000008e1f000 	/usr/lib/system/libsystem_configuration.dylib
0x0000000008e1f000 	/usr/lib/system/libsystem_coreservices.dylib
0x0000000008e1f000 	/usr/lib/system/libsystem_coretls.dylib
0x0000000008e1f000 	/usr/lib/system/libsystem_dnssd.dylib
0x0000000008e1f000 	/usr/lib/system/libsystem_info.dylib
0x0000000008e1f000 	/usr/lib/system/libsystem_kernel.dylib
0x0000000008e1f000 	/usr/lib/system/libsystem_m.dylib
0x0000000008e1f000 	/usr/lib/system/libsystem_malloc.dylib
0x0000000008e1f000 	/usr/lib/system/libsystem_network.dylib
0x0000000008e1f000 	/usr/lib/system/libsystem_networkextension.dylib
0x0000000008e1f000 	/usr/lib/system/libsystem_notify.dylib
0x0000000008e1f000 	/usr/lib/system/libsystem_platform.dylib
0x0000000008e1f000 	/usr/lib/system/libsystem_pthread.dylib
0x0000000008e1f000 	/usr/lib/system/libsystem_sandbox.dylib
0x0000000008e1f000 	/usr/lib/system/libsystem_secinit.dylib
0x0000000008e1f000 	/usr/lib/system/libsystem_stats.dylib
0x0000000008e1f000 	/usr/lib/system/libsystem_trace.dylib
0x0000000008e1f000 	/usr/lib/system/libunc.dylib
0x0000000008e1f000 	/usr/lib/system/libunwind.dylib
0x0000000008e1f000 	/usr/lib/system/libxpc.dylib
0x0000000008e1f000 	/usr/lib/libbz2.1.0.dylib
0x0000000008e1f000 	/usr/lib/liblzma.5.dylib
0x0000000008e1f000 	/usr/lib/libbsm.0.dylib
0x0000000008e1f000 	/usr/lib/libsqlite3.dylib
0x0000000008e1f000 	/usr/lib/system/libkxld.dylib
0x0000000008e1f000 	/usr/lib/libxar.1.dylib
0x0000000008e1f000 	/usr/lib/libpam.2.dylib
0x0000000008e1f000 	/usr/lib/libOpenScriptingUtil.dylib
0x0000000008e1f000 	/System/Library/Frameworks/CoreServices.framework/Versions/A/Frameworks/FSEvents.framework/Versions/A/FSEvents
0x0000000008e1f000 	/System/Library/Frameworks/CoreServices.framework/Versions/A/Frameworks/CarbonCore.framework/Versions/A/CarbonCore
0x0000000008e1f000 	/System/Library/Frameworks/CoreServices.framework/Versions/A/Frameworks/Metadata.framework/Versions/A/Metadata
0x0000000008e1f000 	/System/Library/Frameworks/CoreServices.framework/Versions/A/Frameworks/OSServices.framework/Versions/A/OSServices
0x0000000008e1f000 	/System/Library/Frameworks/CoreServices.framework/Versions/A/Frameworks/SearchKit.framework/Versions/A/SearchKit
0x0000000008e1f000 	/System/Library/Frameworks/CoreServices.framework/Versions/A/Frameworks/AE.framework/Versions/A/AE
0x0000000008e1f000 	/System/Library/Frameworks/CoreServices.framework/Versions/A/Frameworks/LaunchServices.framework/Versions/A/LaunchServices
0x0000000008e1f000 	/System/Library/Frameworks/CoreServices.framework/Versions/A/Frameworks/DictionaryServices.framework/Versions/A/DictionaryServices
0x0000000008e1f000 	/System/Library/Frameworks/NetFS.framework/Versions/A/NetFS
0x0000000008e1f000 	/System/Library/PrivateFrameworks/NetAuth.framework/Versions/A/NetAuth
0x0000000008e1f000 	/System/Library/PrivateFrameworks/login.framework/Versions/A/Frameworks/loginsupport.framework/Versions/A/loginsupport
0x0000000008e1f000 	/System/Library/PrivateFrameworks/TCC.framework/Versions/A/TCC
0x0000000008e1f000 	/usr/lib/libmecabra.dylib
0x0000000008e1f000 	/System/Library/Frameworks/ApplicationServices.framework/Versions/A/Frameworks/ATS.framework/Versions/A/ATS
0x0000000008e1f000 	/System/Library/Frameworks/ApplicationServices.framework/Versions/A/Frameworks/ColorSync.framework/Versions/A/ColorSync
0x0000000008e1f000 	/System/Library/Frameworks/ApplicationServices.framework/Versions/A/Frameworks/HIServices.framework/Versions/A/HIServices
0x0000000008e1f000 	/System/Library/Frameworks/ApplicationServices.framework/Versions/A/Frameworks/LangAnalysis.framework/Versions/A/LangAnalysis
0x0000000008e1f000 	/System/Library/Frameworks/ApplicationServices.framework/Versions/A/Frameworks/PrintCore.framework/Versions/A/PrintCore
0x0000000008e1f000 	/System/Library/Frameworks/ApplicationServices.framework/Versions/A/Frameworks/QD.framework/Versions/A/QD
0x0000000008e1f000 	/System/Library/Frameworks/ApplicationServices.framework/Versions/A/Frameworks/SpeechSynthesis.framework/Versions/A/SpeechSynthesis
0x0000000008e1f000 	/System/Library/Frameworks/Accelerate.framework/Versions/A/Accelerate
0x0000000008e1f000 	/System/Library/Frameworks/Accelerate.framework/Versions/A/Frameworks/vImage.framework/Versions/A/vImage
0x0000000008e1f000 	/System/Library/Frameworks/Accelerate.framework/Versions/A/Frameworks/vecLib.framework/Versions/A/vecLib
0x0000000008e1f000 	/System/Library/Frameworks/Accelerate.framework/Versions/A/Frameworks/vecLib.framework/Versions/A/libvDSP.dylib
0x0000000008e1f000 	/System/Library/Frameworks/Accelerate.framework/Versions/A/Frameworks/vecLib.framework/Versions/A/libvMisc.dylib
0x0000000008e1f000 	/System/Library/Frameworks/Accelerate.framework/Versions/A/Frameworks/vecLib.framework/Versions/A/libLAPACK.dylib
0x0000000008e1f000 	/System/Library/Frameworks/Accelerate.framework/Versions/A/Frameworks/vecLib.framework/Versions/A/libBLAS.dylib
0x0000000008e1f000 	/System/Library/Frameworks/Accelerate.framework/Versions/A/Frameworks/vecLib.framework/Versions/A/libLinearAlgebra.dylib
0x0000000008e1f000 	/System/Library/Frameworks/ApplicationServices.framework/Versions/A/Frameworks/ATS.framework/Versions/A/Resources/libFontParser.dylib
0x0000000008e1f000 	/System/Library/Frameworks/ApplicationServices.framework/Versions/A/Frameworks/ATS.framework/Versions/A/Resources/libFontRegistry.dylib
0x0000000008e1f000 	/System/Library/PrivateFrameworks/AppleVPA.framework/Versions/A/AppleVPA
0x0000000008e1f000 	/System/Library/PrivateFrameworks/AppleJPEG.framework/Versions/A/AppleJPEG
0x0000000008e1f000 	/System/Library/Frameworks/ImageIO.framework/Versions/A/Resources/libJPEG.dylib
0x0000000008e1f000 	/System/Library/Frameworks/ImageIO.framework/Versions/A/Resources/libTIFF.dylib
0x0000000008e1f000 	/System/Library/Frameworks/ImageIO.framework/Versions/A/Resources/libPng.dylib
0x0000000008e1f000 	/System/Library/Frameworks/ImageIO.framework/Versions/A/Resources/libGIF.dylib
0x0000000008e1f000 	/System/Library/Frameworks/ImageIO.framework/Versions/A/Resources/libJP2.dylib
0x0000000008e1f000 	/System/Library/Frameworks/ImageIO.framework/Versions/A/Resources/libRadiance.dylib
0x0000000008e1f000 	/System/Library/Frameworks/CoreVideo.framework/Versions/A/CoreVideo
0x0000000008e1f000 	/System/Library/Frameworks/OpenGL.framework/Versions/A/Libraries/libGLU.dylib
0x0000000008e1f000 	/System/Library/Frameworks/OpenGL.framework/Versions/A/Libraries/libGFXShared.dylib
0x0000000008e1f000 	/System/Library/Frameworks/OpenGL.framework/Versions/A/Libraries/libGL.dylib
0x0000000008e1f000 	/System/Library/Frameworks/OpenGL.framework/Versions/A/Libraries/libGLImage.dylib
0x0000000008e1f000 	/System/Library/Frameworks/OpenGL.framework/Versions/A/Libraries/libCVMSPluginSupport.dylib
0x0000000008e1f000 	/System/Library/Frameworks/OpenGL.framework/Versions/A/Libraries/libCoreVMClient.dylib
0x0000000008e1f000 	/usr/lib/libcups.2.dylib
0x0000000008e1f000 	/System/Library/Frameworks/Kerberos.framework/Versions/A/Kerberos
0x0000000008e1f000 	/System/Library/Frameworks/GSS.framework/Versions/A/GSS
0x0000000008e1f000 	/usr/lib/libresolv.9.dylib
0x0000000008e1f000 	/usr/lib/libiconv.2.dylib
0x0000000008e1f000 	/System/Library/PrivateFrameworks/Heimdal.framework/Versions/A/Heimdal
0x0000000008e1f000 	/usr/lib/libheimdal-asn1.dylib
0x0000000008e1f000 	/System/Library/Frameworks/OpenDirectory.framework/Versions/A/OpenDirectory
0x0000000008e1f000 	/System/Library/PrivateFrameworks/CommonAuth.framework/Versions/A/CommonAuth
0x0000000008e1f000 	/System/Library/Frameworks/OpenDirectory.framework/Versions/A/Frameworks/CFOpenDirectory.framework/Versions/A/CFOpenDirectory
0x0000000008e1f000 	/System/Library/Frameworks/SecurityFoundation.framework/Versions/A/SecurityFoundation
0x0000000008e1f000 	/System/Library/PrivateFrameworks/LanguageModeling.framework/Versions/A/LanguageModeling
0x0000000008e1f000 	/usr/lib/libcmph.dylib
0x0000000008e1f000 	/System/Library/Frameworks/ServiceManagement.framework/Versions/A/ServiceManagement
0x0000000008e1f000 	/usr/lib/libxslt.1.dylib
0x0000000008e1f000 	/System/Library/Frameworks/Carbon.framework/Versions/A/Frameworks/Ink.framework/Versions/A/Ink
0x0000000008e1f000 	/System/Library/Frameworks/QuartzCore.framework/Versions/A/Frameworks/CoreImage.framework/Versions/A/CoreImage
0x0000000008e1f000 	/System/Library/PrivateFrameworks/CrashReporterSupport.framework/Versions/A/CrashReporterSupport
0x0000000008e1f000 	/System/Library/Frameworks/OpenCL.framework/Versions/A/OpenCL
0x0000000008e1f000 	/System/Library/PrivateFrameworks/FaceCore.framework/Versions/A/FaceCore
0x0000000008e1f000 	/System/Library/PrivateFrameworks/Ubiquity.framework/Versions/A/Ubiquity
0x0000000008e1f000 	/System/Library/PrivateFrameworks/IconServices.framework/Versions/A/IconServices
0x0000000008e1f000 	/System/Library/PrivateFrameworks/ChunkingLibrary.framework/Versions/A/ChunkingLibrary
0x0000000008e1f000 	/System/Library/PrivateFrameworks/Apple80211.framework/Versions/A/Apple80211
0x0000000008e1f000 	/System/Library/Frameworks/CoreWLAN.framework/Versions/A/CoreWLAN
0x0000000008e1f000 	/System/Library/Frameworks/IOBluetooth.framework/Versions/A/IOBluetooth
0x0000000008e1f000 	/System/Library/PrivateFrameworks/CoreWiFi.framework/Versions/A/CoreWiFi
0x0000000008e1f000 	/System/Library/Frameworks/CoreBluetooth.framework/Versions/A/CoreBluetooth
0x0000000008e1f000 	/System/Library/PrivateFrameworks/DebugSymbols.framework/Versions/A/DebugSymbols
0x0000000008e1f000 	/System/Library/PrivateFrameworks/CoreSymbolication.framework/Versions/A/CoreSymbolication
0x0000000008e1f000 	/System/Library/PrivateFrameworks/Symbolication.framework/Versions/A/Symbolication
0x0000000008e1f000 	/System/Library/PrivateFrameworks/SpeechRecognitionCore.framework/Versions/A/SpeechRecognitionCore
0x0000000110a00000 	/Library/Java/JavaVirtualMachines/1.7.0.jdk/Contents/Home/jre/lib/server/libjvm.dylib
0x0000000008e1f000 	/usr/lib/libstdc++.6.dylib
0x000000010f961000 	/Library/Java/JavaVirtualMachines/1.7.0.jdk/Contents/Home/jre/lib/libverify.dylib
0x000000010f96e000 	/Library/Java/JavaVirtualMachines/1.7.0.jdk/Contents/Home/jre/lib/libjava.dylib
0x000000010f9a8000 	/Library/Java/JavaVirtualMachines/1.7.0.jdk/Contents/Home/jre/lib/libzip.dylib
0x0000000119dc3000 	/System/Library/Frameworks/JavaVM.framework/Frameworks/JavaRuntimeSupport.framework/JavaRuntimeSupport
0x0000000119ddb000 	/System/Library/Frameworks/JavaVM.framework/Versions/A/Frameworks/JavaNativeFoundation.framework/Versions/A/JavaNativeFoundation
0x000000010f9f3000 	/System/Library/Frameworks/JavaVM.framework/Versions/A/JavaVM
0x0000000008e1f000 	/System/Library/Frameworks/Carbon.framework/Versions/A/Carbon
0x0000000119df0000 	/System/Library/PrivateFrameworks/JavaLaunching.framework/Versions/A/JavaLaunching
0x0000000008e1f000 	/System/Library/Frameworks/Carbon.framework/Versions/A/Frameworks/CommonPanels.framework/Versions/A/CommonPanels
0x0000000008e1f000 	/System/Library/Frameworks/Carbon.framework/Versions/A/Frameworks/Help.framework/Versions/A/Help
0x0000000008e1f000 	/System/Library/Frameworks/Carbon.framework/Versions/A/Frameworks/ImageCapture.framework/Versions/A/ImageCapture
0x0000000008e1f000 	/System/Library/Frameworks/Carbon.framework/Versions/A/Frameworks/OpenScripting.framework/Versions/A/OpenScripting
0x0000000008e1f000 	/System/Library/Frameworks/Carbon.framework/Versions/A/Frameworks/Print.framework/Versions/A/Print
0x0000000008e1f000 	/System/Library/Frameworks/Carbon.framework/Versions/A/Frameworks/SecurityHI.framework/Versions/A/SecurityHI

VM Arguments:
jvm_args: -Dfile.encoding=US-ASCII 
java_command: Project3
Launcher Type: SUN_STANDARD

Environment Variables:
PATH=/usr/bin:/bin:/usr/sbin:/sbin
SHELL=/bin/bash

Signal Handlers:
SIGSEGV: [libjvm.dylib+0x4a177d], sa_mask[0]=0xfffefeff, sa_flags=0x00000042
SIGBUS: [libjvm.dylib+0x4a177d], sa_mask[0]=0xfffefeff, sa_flags=0x00000042
SIGFPE: [libjvm.dylib+0x3b1541], sa_mask[0]=0xfffefeff, sa_flags=0x00000042
SIGPIPE: [libjvm.dylib+0x3b1541], sa_mask[0]=0xfffefeff, sa_flags=0x00000042
SIGXFSZ: [libjvm.dylib+0x3b1541], sa_mask[0]=0xfffefeff, sa_flags=0x00000042
SIGILL: [libjvm.dylib+0x3b1541], sa_mask[0]=0xfffefeff, sa_flags=0x00000042
SIGUSR1: SIG_DFL, sa_mask[0]=0x00000000, sa_flags=0x00000000
SIGUSR2: [libjvm.dylib+0x3b10ce], sa_mask[0]=0x00000004, sa_flags=0x00000042
SIGHUP: [libjvm.dylib+0x3af2f3], sa_mask[0]=0xfffefeff, sa_flags=0x00000042
SIGINT: [libjvm.dylib+0x3af2f3], sa_mask[0]=0xfffefeff, sa_flags=0x00000042
SIGTERM: [libjvm.dylib+0x3af2f3], sa_mask[0]=0xfffefeff, sa_flags=0x00000042
SIGQUIT: [libjvm.dylib+0x3af2f3], sa_mask[0]=0xfffefeff, sa_flags=0x00000042


---------------  S Y S T E M  ---------------

OS:Bsd
uname:Darwin 14.1.0 Darwin Kernel Version 14.1.0: Thu Feb 26 19:26:47 PST 2015; root:xnu-2782.10.73~1/RELEASE_X86_64 x86_64
rlimit: STACK 8192k, CORE 0k, NPROC 709, NOFILE 10240
CPU:total 8 (4 cores per cpu, 2 threads per core) family 6 model 70 stepping 1, cmov, cx8, fxsr, mmx, sse, sse2, sse3, ssse3, sse4.1, sse4.2, popcnt, avx, avx2, ht, tsc, tscinvbit

Memory: 4k page, physical 4188192k(1047048k free)

/proc/meminfo:


vm_info: Java HotSpot(TM) 64-Bit Server VM (23.0-b21) for bsd-amd64 JRE (1.7.0_04-b21), built on Apr 19 2012 22:33:17 by "java_re" with gcc 4.2.1 (Based on Apple Inc. build 5658) (LLVM build 2336.1.00)

time: Wed Apr 29 12:55:35 2015
elapsed time: 0 seconds

